<?xml version="1.0" encoding="UTF-8"?>
<testsuite name="com.sun.jsftemplating.util.fileStreamer.ResourceContentSourceTest" time="0.011" tests="4" errors="0" skipped="0" failures="0">
  <properties>
    <property name="java.runtime.name" value="Java(TM) SE Runtime Environment"/>
    <property name="sun.boot.library.path" value="/usr/local/java/jdk1.8.0_60/jre/lib/amd64"/>
    <property name="java.vm.version" value="25.60-b23"/>
    <property name="java.vm.vendor" value="Oracle Corporation"/>
    <property name="maven.multiModuleProjectDirectory" value="/home/jayaskum/ee4j/glassfish-jsftemplating"/>
    <property name="java.vendor.url" value="http://java.oracle.com/"/>
    <property name="path.separator" value=":"/>
    <property name="guice.disable.misplaced.annotation.check" value="true"/>
    <property name="java.vm.name" value="Java HotSpot(TM) 64-Bit Server VM"/>
    <property name="file.encoding.pkg" value="sun.io"/>
    <property name="user.country" value="IN"/>
    <property name="sun.java.launcher" value="SUN_STANDARD"/>
    <property name="sun.os.patch.level" value="unknown"/>
    <property name="java.vm.specification.name" value="Java Virtual Machine Specification"/>
    <property name="user.dir" value="/home/jayaskum/ee4j/glassfish-jsftemplating/jsftemplating"/>
    <property name="java.runtime.version" value="1.8.0_60-b27"/>
    <property name="java.awt.graphicsenv" value="sun.awt.X11GraphicsEnvironment"/>
    <property name="basedir" value="/home/jayaskum/ee4j/glassfish-jsftemplating/jsftemplating"/>
    <property name="java.endorsed.dirs" value="/usr/local/java/jdk1.8.0_60/jre/lib/endorsed"/>
    <property name="os.arch" value="amd64"/>
    <property name="java.io.tmpdir" value="/tmp"/>
    <property name="line.separator" value="&#10;"/>
    <property name="java.vm.specification.vendor" value="Oracle Corporation"/>
    <property name="os.name" value="Linux"/>
    <property name="classworlds.conf" value="/usr/share/maven/bin/m2.conf"/>
    <property name="sun.jnu.encoding" value="UTF-8"/>
    <property name="java.library.path" value="/usr/java/packages/lib/amd64:/usr/lib64:/lib64:/lib:/usr/lib"/>
    <property name="surefire.test.class.path" value="/home/jayaskum/ee4j/glassfish-jsftemplating/jsftemplating/target/test-classes:/home/jayaskum/ee4j/glassfish-jsftemplating/jsftemplating/target/classes:/home/jayaskum/.m2/repository/javax/servlet/javax.servlet-api/3.0.1/javax.servlet-api-3.0.1.jar:/home/jayaskum/.m2/repository/org/glassfish/javax.faces/2.2.6/javax.faces-2.2.6.jar:/home/jayaskum/.m2/repository/javax/faces/javax.faces-api/2.2/javax.faces-api-2.2.jar:/home/jayaskum/.m2/repository/javax/el/el-api/2.2/el-api-2.2.jar:/home/jayaskum/.m2/repository/com/sun/woodstock/dependlibs/dataprovider/1.0/dataprovider-1.0.jar:/home/jayaskum/ee4j/glassfish-jsftemplating/jsft/target/jsft-2.1.4-SNAPSHOT.jar:/home/jayaskum/ee4j/glassfish-jsftemplating/jsftemplating-dt/target/jsftemplating-dt-2.1.4-SNAPSHOT.jar:/home/jayaskum/.m2/repository/junit/junit/4.11/junit-4.11.jar:/home/jayaskum/.m2/repository/org/hamcrest/hamcrest-core/1.3/hamcrest-core-1.3.jar:/home/jayaskum/.m2/repository/org/mockito/mockito-all/1.9.5/mockito-all-1.9.5.jar:"/>
    <property name="java.specification.name" value="Java Platform API Specification"/>
    <property name="java.class.version" value="52.0"/>
    <property name="sun.management.compiler" value="HotSpot 64-Bit Tiered Compilers"/>
    <property name="os.version" value="4.4.0-131-generic"/>
    <property name="user.home" value="/home/jayaskum"/>
    <property name="user.timezone" value="Asia/Kolkata"/>
    <property name="java.awt.printerjob" value="sun.print.PSPrinterJob"/>
    <property name="java.specification.version" value="1.8"/>
    <property name="file.encoding" value="UTF-8"/>
    <property name="user.name" value="jayaskum"/>
    <property name="java.class.path" value="/usr/share/maven/boot/plexus-classworlds-2.x.jar"/>
    <property name="java.vm.specification.version" value="1.8"/>
    <property name="sun.arch.data.model" value="64"/>
    <property name="java.home" value="/usr/local/java/jdk1.8.0_60/jre"/>
    <property name="sun.java.command" value="org.codehaus.plexus.classworlds.launcher.Launcher clean install"/>
    <property name="java.specification.vendor" value="Oracle Corporation"/>
    <property name="user.language" value="en"/>
    <property name="awt.toolkit" value="sun.awt.X11.XToolkit"/>
    <property name="java.vm.info" value="mixed mode"/>
    <property name="java.version" value="1.8.0_60"/>
    <property name="buildDirectory" value="true"/>
    <property name="java.ext.dirs" value="/usr/local/java/jdk1.8.0_60/jre/lib/ext:/usr/java/packages/lib/ext"/>
    <property name="securerandom.source" value="file:/dev/./urandom"/>
    <property name="sun.boot.class.path" value="/usr/local/java/jdk1.8.0_60/jre/lib/resources.jar:/usr/local/java/jdk1.8.0_60/jre/lib/rt.jar:/usr/local/java/jdk1.8.0_60/jre/lib/sunrsasign.jar:/usr/local/java/jdk1.8.0_60/jre/lib/jsse.jar:/usr/local/java/jdk1.8.0_60/jre/lib/jce.jar:/usr/local/java/jdk1.8.0_60/jre/lib/charsets.jar:/usr/local/java/jdk1.8.0_60/jre/lib/jfr.jar:/usr/local/java/jdk1.8.0_60/jre/classes"/>
    <property name="java.vendor" value="Oracle Corporation"/>
    <property name="maven.home" value="/usr/share/maven"/>
    <property name="localRepository" value="/home/jayaskum/.m2/repository"/>
    <property name="file.separator" value="/"/>
    <property name="java.vendor.url.bug" value="http://bugreport.sun.com/bugreport/"/>
    <property name="sun.cpu.endian" value="little"/>
    <property name="sun.io.unicode.encoding" value="UnicodeLittle"/>
    <property name="sun.desktop" value="gnome"/>
    <property name="propertyName" value="com.sun.jsftemplating.DEBUG"/>
    <property name="sun.cpu.isalist" value=""/>
  </properties>
  <testcase name="removesExtraSlashesAndBackwardPaths" classname="com.sun.jsftemplating.util.fileStreamer.ResourceContentSourceTest" time="0.007"/>
  <testcase name="doesNotGoBackTooFar" classname="com.sun.jsftemplating.util.fileStreamer.ResourceContentSourceTest" time="0.001"/>
  <testcase name="normalizeDoesNotAccessContextRootParentWithLeadingSlash" classname="com.sun.jsftemplating.util.fileStreamer.ResourceContentSourceTest" time="0.002"/>
  <testcase name="normalizeDoesNotAccessContextRootParent" classname="com.sun.jsftemplating.util.fileStreamer.ResourceContentSourceTest" time="0.001"/>
</testsuite>